<?xml version="1.0" encoding="UTF-8"?>
<!-- Generated by org.testng.reporters.JUnitXMLReporter -->
<testsuite hostname="DESKTOP-KKBBGQN" ignored="5" name="EZBOT Test" tests="12" failures="0" timestamp="25 Jun 2019 11:32:55 GMT" time="2.916" errors="0">
  <testcase name="test" time="0.023" classname="smoke_TestPages.BaseClass"/>
  <testcase name="salestest" time="1.061" classname="smoke_TestPages.Sales_Test"/>
  <testcase name="test" time="0.014" classname="smoke_TestPages.BaseClass"/>
  <testcase name="invtest" time="0.487" classname="smoke_TestPages.Inventory_Test"/>
  <testcase name="test" time="0.03" classname="smoke_TestPages.BaseClass"/>
  <testcase name="repotest" time="0.519" classname="smoke_TestPages.Reports_Test"/>
  <testcase name="admintest" time="0.248" classname="smoke_TestPages.Admin_Test"/>
  <testcase name="test" time="0.017" classname="smoke_TestPages.BaseClass"/>
  <testcase name="test" time="0.012" classname="smoke_TestPages.BaseClass"/>
  <testcase name="usermgttest" time="0.22" classname="smoke_TestPages.User_Mgt_Test"/>
  <testcase name="test" time="0.009" classname="smoke_TestPages.BaseClass"/>
  <testcase name="dashboardtest" time="0.199" classname="smoke_TestPages.Dashboard_Test"/>
  <testcase name="@BeforeSuite setup" time="0.0" classname="smoke_TestPages.BaseClass">
    <ignored/>
  </testcase> <!-- @BeforeSuite setup -->
  <testcase name="@BeforeSuite setup" time="0.0" classname="smoke_TestPages.BaseClass">
    <ignored/>
  </testcase> <!-- @BeforeSuite setup -->
  <testcase name="@BeforeSuite setup" time="0.0" classname="smoke_TestPages.BaseClass">
    <ignored/>
  </testcase> <!-- @BeforeSuite setup -->
  <testcase name="@BeforeSuite setup" time="0.0" classname="smoke_TestPages.BaseClass">
    <ignored/>
  </testcase> <!-- @BeforeSuite setup -->
  <testcase name="@BeforeSuite setup" time="0.0" classname="smoke_TestPages.BaseClass">
    <ignored/>
  </testcase> <!-- @BeforeSuite setup -->
</testsuite> <!-- EZBOT Test -->
