<?xml version="1.0" encoding="UTF-8"?>
<testng-results skipped="0" failed="0" ignored="0" total="2" passed="2">
  <reporter-output>
  </reporter-output>
  <suite name="Default suite" duration-ms="866" started-at="2019-06-28T09:36:53Z" finished-at="2019-06-28T09:36:54Z">
    <groups>
    </groups>
    <test name="Default test" duration-ms="866" started-at="2019-06-28T09:36:53Z" finished-at="2019-06-28T09:36:54Z">
      <class name="smoke_TestPages.Admin_Test">
        <test-method status="PASS" signature="setup()[pri:0, instance:smoke_TestPages.Admin_Test@1ce4f0a]" name="setup" is-config="true" duration-ms="27902" started-at="2019-06-28T09:36:25Z" finished-at="2019-06-28T09:36:53Z">
          <reporter-output>
          </reporter-output>
        </test-method> <!-- setup -->
        <test-method status="PASS" signature="admintest()[pri:0, instance:smoke_TestPages.Admin_Test@1ce4f0a]" name="admintest" duration-ms="698" started-at="2019-06-28T09:36:53Z" finished-at="2019-06-28T09:36:54Z">
          <reporter-output>
          </reporter-output>
        </test-method> <!-- admintest -->
        <test-method status="PASS" signature="test()[pri:0, instance:smoke_TestPages.Admin_Test@1ce4f0a]" name="test" duration-ms="10" started-at="2019-06-28T09:36:54Z" finished-at="2019-06-28T09:36:54Z">
          <reporter-output>
          </reporter-output>
        </test-method> <!-- test -->
        <test-method status="PASS" signature="teardown()[pri:0, instance:smoke_TestPages.Admin_Test@1ce4f0a]" name="teardown" is-config="true" duration-ms="44" started-at="2019-06-28T09:36:54Z" finished-at="2019-06-28T09:36:54Z">
          <reporter-output>
          </reporter-output>
        </test-method> <!-- teardown -->
      </class> <!-- smoke_TestPages.Admin_Test -->
    </test> <!-- Default test -->
  </suite> <!-- Default suite -->
</testng-results>
